Arguments: 
  /Users/a12360/.nodebrew/node/v8.0.0/bin/node /Users/a12360/.nodebrew/current/bin/yarn add @polymer/decorators

PATH: 
  /Users/a12360/.goenv/shims:/Users/a12360/.pyenv/shims:/Users/a12360/.rbenv/shims:/Users/a12360/.goenv/bin:/Users/a12360/.rust/bin:/Library/Java/JavaVirtualMachines/jdk1.8.0_51.jdk/Contents/Home/bin:/Users/a12360/.cabal/bin/:/Users/a12360/.nodebrew/current/bin:/usr/local/opt/llvm/bin:/Users/a12360/.pyenv/bin:/usr/local/bin:/usr/local/sbin:/usr/bin:/usr/sbin:/bin:/sbin:/Users/a12360/bin:/Application:/Users/a12360/.rbenv/shims:/Users/a12360/bin:/Users/a12360/GitHub/depot_tools:/usr/local/bin:/usr/bin:/bin:/usr/sbin:/sbin:/Users/a12360/.goenv/shims:/Users/a12360/.pyenv/shims:/Users/a12360/.rbenv/shims:/Users/a12360/.goenv/bin:/Users/a12360/.rust/bin:/Library/Java/JavaVirtualMachines/jdk1.8.0_51.jdk/Contents/Home/bin:/Users/a12360/.cabal/bin/:/Users/a12360/.nodebrew/current/bin:/usr/local/opt/llvm/bin:/Users/a12360/.pyenv/bin:/usr/local/sbin:/Users/a12360/bin:/Application:/Users/a12360/GitHub/depot_tools:/opt/local/bin:/opt/local/sbin/:/System/Library/PrivateFrameworks/Apple80211.framework/Versions/A/Resources/:/Users/a12360/local/bin:/usr/local/git/bin:/Users/a12360/dotfiles/bin:usr/local/bin:/Users/a12360/Library/Android/sdk/tools:/Users/a12360/Library/Android/sdk/platform-tools:/usr/local/Cellar/tmux/1.7/bin:/usr/local/Cellar/ncurses/5.9/share/terminfo:/opt/homebrew-cask/Caskroom/google-cloud-sdk/latest/google-cloud-sdk/bin/:/opt/local/bin:/opt/local/sbin/:/System/Library/PrivateFrameworks/Apple80211.framework/Versions/A/Resources/:/Users/a12360/local/bin:/usr/local/git/bin:/Users/a12360/dotfiles/bin:/sbin:usr/local/bin:/Users/a12360/Library/Android/sdk/tools:/usr/local/bin:/usr/bin:/bin:/usr/sbin:/sbin:/Users/a12360/.goenv/shims:/Users/a12360/.pyenv/shims:/Users/a12360/.rbenv/shims:/Users/a12360/.goenv/bin:/Users/a12360/.rust/bin:/Library/Java/JavaVirtualMachines/jdk1.8.0_51.jdk/Contents/Home/bin:/Users/a12360/.cabal/bin/:/Users/a12360/.nodebrew/current/bin:/usr/local/opt/llvm/bin:/Users/a12360/.pyenv/bin:/usr/local/sbin:/Users/a12360/bin:/Application:/Users/a12360/GitHub/depot_tools:/opt/local/bin:/opt/local/sbin/:/System/Library/PrivateFrameworks/Apple80211.framework/Versions/A/Resources/:/Users/a12360/local/bin:/usr/local/git/bin:/Users/a12360/dotfiles/bin:usr/local/bin:/Users/a12360/Library/Android/sdk/tools:/Users/a12360/Library/Android/sdk/platform-tools:/usr/local/Cellar/tmux/1.7/bin:/usr/local/Cellar/ncurses/5.9/share/terminfo:/opt/homebrew-cask/Caskroom/google-cloud-sdk/latest/google-cloud-sdk/bin/:/opt/local/bin:/opt/local/sbin/:/System/Library/PrivateFrameworks/Apple80211.framework/Versions/A/Resources/:/Users/a12360/local/bin:/usr/local/git/bin:/Users/a12360/dotfiles/bin:/sbin:usr/local/bin:/Users/a12360/Library/Android/sdk/platform-tools:/usr/local/Cellar/tmux/1.7/bin:/usr/local/Cellar/ncurses/5.9/share/terminfo:/opt/homebrew-cask/Caskroom/google-cloud-sdk/latest/google-cloud-sdk/bin/

Yarn version: 
  0.27.5

Node version: 
  8.0.0

Platform: 
  darwin x64

npm manifest: 
  {
    "name": "ver3.0",
    "version": "1.0.0",
    "description": "",
    "main": "index.js",
    "scripts": {
      "test": "echo \"Error: no test specified\" && exit 1"
    },
    "author": "",
    "license": "ISC",
    "dependencies": {
      "@polymer/polymer": "next",
      "@webcomponents/webcomponentsjs": "^1.0.17",
      "polymer-decorators": "^0.1.0"
    }
  }

yarn manifest: 
  No manifest

Lockfile: 
  # THIS IS AN AUTOGENERATED FILE. DO NOT EDIT THIS FILE DIRECTLY.
  # yarn lockfile v1
  
  
  "@polymer/polymer@next":
    version "3.0.0-pre.1"
    resolved "https://registry.yarnpkg.com/@polymer/polymer/-/polymer-3.0.0-pre.1.tgz#9fc26b5259aad9265f324ced02de715991d2eabe"
    dependencies:
      "@webcomponents/shadycss" "^1.0.0"
      "@webcomponents/webcomponentsjs" "^1.0.0"
  
  "@webcomponents/shadycss@^1.0.0":
    version "1.0.6"
    resolved "https://registry.yarnpkg.com/@webcomponents/shadycss/-/shadycss-1.0.6.tgz#5679919c43da77cbc884ba0bef6457111c65d7cd"
  
  "@webcomponents/webcomponentsjs@^1.0.0", "@webcomponents/webcomponentsjs@^1.0.17":
    version "1.0.17"
    resolved "https://registry.yarnpkg.com/@webcomponents/webcomponentsjs/-/webcomponentsjs-1.0.17.tgz#abd27356ca26d3b8423a1f1089d18a8c00c5c36d"
  
  polymer-decorators@^0.1.0:
    version "0.1.0"
    resolved "https://registry.yarnpkg.com/polymer-decorators/-/polymer-decorators-0.1.0.tgz#ea3bb88bb1ca0131899d036dee2084a66e7d396a"
    dependencies:
      reflect-metadata "^0.1.3"
  
  reflect-metadata@^0.1.3:
    version "0.1.10"
    resolved "https://registry.yarnpkg.com/reflect-metadata/-/reflect-metadata-0.1.10.tgz#b4f83704416acad89988c9b15635d47e03b9344a"

Trace: 
  Error: https://registry.yarnpkg.com/@polymer%2fdecorators: Not found
      at Request.params.callback [as _callback] (/Users/a12360/.nodebrew/node/v8.0.0/lib/node_modules/yarn/lib/util/request-manager.js:326:18)
      at Request.self.callback (/Users/a12360/.nodebrew/node/v8.0.0/lib/node_modules/yarn/node_modules/request/request.js:188:22)
      at emitTwo (events.js:125:13)
      at Request.emit (events.js:213:7)
      at Request.<anonymous> (/Users/a12360/.nodebrew/node/v8.0.0/lib/node_modules/yarn/node_modules/request/request.js:1171:10)
      at emitOne (events.js:115:13)
      at Request.emit (events.js:210:7)
      at IncomingMessage.<anonymous> (/Users/a12360/.nodebrew/node/v8.0.0/lib/node_modules/yarn/node_modules/request/request.js:1091:12)
      at Object.onceWrapper (events.js:312:19)
      at emitNone (events.js:110:20)
